videorecorder/build/intermediates/manifest_merge_blame_file/debug/manifest-merger-blame-debug-report.txt
1<?xml version="1.0" encoding="utf-8"?>
2<manifest xmlns:android="http://schemas.android.com/apk/res/android"
3    package="com.tencent.liteav.demo.videorecord"
4    android:versionCode="1"
5    android:versionName="1.0" >
6
7    <uses-sdk
8        android:minSdkVersion="21"
8-->src\main\AndroidManifest.xml
9        android:targetSdkVersion="29" />
9-->src\main\AndroidManifest.xml
10
11    <application>
11-->src\main\AndroidManifest.xml:7:5-23:19
12        <activity
12-->src\main\AndroidManifest.xml:8:9-12:58
13            android:name="com.tencent.liteav.demo.videorecord.TCVideoRecordActivity"
13-->src\main\AndroidManifest.xml:9:13-50
14            android:configChanges="keyboardHidden|orientation|screenSize"
14-->src\main\AndroidManifest.xml:10:13-74
15            android:launchMode="singleTask"
15-->src\main\AndroidManifest.xml:11:13-44
16            android:theme="@style/RecordActivityTheme" />
16-->src\main\AndroidManifest.xml:12:13-55
17        <activity
17-->src\main\AndroidManifest.xml:13:9-15:77
18            android:name="com.tencent.liteav.demo.videorecord.TCVideoRecordSmartActivity"
18-->src\main\AndroidManifest.xml:14:13-55
19            android:configChanges="keyboardHidden|orientation|screenSize" />
19-->src\main\AndroidManifest.xml:15:13-74
20        <activity
20-->src\main\AndroidManifest.xml:16:9-19:52
21            android:name="com.tencent.liteav.demo.videorecord.TCVideoSettingActivity"
21-->src\main\AndroidManifest.xml:17:13-51
22            android:configChanges="keyboardHidden|orientation|screenSize"
22-->src\main\AndroidManifest.xml:18:13-74
23            android:screenOrientation="portrait" />
23-->src\main\AndroidManifest.xml:19:13-49
24        <activity
24-->src\main\AndroidManifest.xml:20:9-22:52
25            android:name="com.tencent.liteav.demo.videorecord.TCRecordPreviewActivity"
25-->src\main\AndroidManifest.xml:21:13-52
26            android:screenOrientation="portrait" />
26-->src\main\AndroidManifest.xml:22:13-49
27    </application>
28
29</manifest>